0 info it worked if it ends with ok
1 verbose cli [ '/usr/bin/node', '/usr/bin/npm', 'run', 'e2e' ]
2 info using npm@3.5.2
3 info using node@v8.10.0
4 verbose run-script [ 'pree2e', 'e2e', 'poste2e' ]
5 info lifecycle phaser-ce-angular-cli-boilerplate@1.0.0~pree2e: phaser-ce-angular-cli-boilerplate@1.0.0
6 verbose lifecycle phaser-ce-angular-cli-boilerplate@1.0.0~pree2e: unsafe-perm in lifecycle true
7 verbose lifecycle phaser-ce-angular-cli-boilerplate@1.0.0~pree2e: PATH: /usr/share/npm/bin/node-gyp-bin:/home/tuchinski/Documentos/UTFPR/LP/oficial2/node_modules/.bin:/home/linuxbrew/.linuxbrew/bin:/home/linuxbrew/.linuxbrew/sbin:/home/tuchinski/.local/bin:/usr/local/sbin:/usr/local/bin:/usr/sbin:/usr/bin:/sbin:/bin:/usr/games:/usr/local/games:/usr/lib/jvm/java-8-oracle/bin:/usr/lib/jvm/java-8-oracle/db/bin:/usr/lib/jvm/java-8-oracle/jre/bin:/home/tuchinski/Documentos/UTFPR/LP/swift-4.2-RELEASE-ubuntu18.04/usr/bin:/usr/local/go/bin
8 verbose lifecycle phaser-ce-angular-cli-boilerplate@1.0.0~pree2e: CWD: /home/tuchinski/Documentos/UTFPR/LP/oficial2
9 silly lifecycle phaser-ce-angular-cli-boilerplate@1.0.0~pree2e: Args: [ '-c',
9 silly lifecycle   'webdriver-manager update --standalone false --gecko false --quiet' ]
10 silly lifecycle phaser-ce-angular-cli-boilerplate@1.0.0~pree2e: Returned: code: 0  signal: null
11 info lifecycle phaser-ce-angular-cli-boilerplate@1.0.0~e2e: phaser-ce-angular-cli-boilerplate@1.0.0
12 verbose lifecycle phaser-ce-angular-cli-boilerplate@1.0.0~e2e: unsafe-perm in lifecycle true
13 verbose lifecycle phaser-ce-angular-cli-boilerplate@1.0.0~e2e: PATH: /usr/share/npm/bin/node-gyp-bin:/home/tuchinski/Documentos/UTFPR/LP/oficial2/node_modules/.bin:/home/linuxbrew/.linuxbrew/bin:/home/linuxbrew/.linuxbrew/sbin:/home/tuchinski/.local/bin:/usr/local/sbin:/usr/local/bin:/usr/sbin:/usr/bin:/sbin:/bin:/usr/games:/usr/local/games:/usr/lib/jvm/java-8-oracle/bin:/usr/lib/jvm/java-8-oracle/db/bin:/usr/lib/jvm/java-8-oracle/jre/bin:/home/tuchinski/Documentos/UTFPR/LP/swift-4.2-RELEASE-ubuntu18.04/usr/bin:/usr/local/go/bin
14 verbose lifecycle phaser-ce-angular-cli-boilerplate@1.0.0~e2e: CWD: /home/tuchinski/Documentos/UTFPR/LP/oficial2
15 silly lifecycle phaser-ce-angular-cli-boilerplate@1.0.0~e2e: Args: [ '-c', 'protractor ./protractor.conf.js' ]
16 silly lifecycle phaser-ce-angular-cli-boilerplate@1.0.0~e2e: Returned: code: 1  signal: null
17 info lifecycle phaser-ce-angular-cli-boilerplate@1.0.0~e2e: Failed to exec e2e script
18 verbose stack Error: phaser-ce-angular-cli-boilerplate@1.0.0 e2e: `protractor ./protractor.conf.js`
18 verbose stack Exit status 1
18 verbose stack     at EventEmitter.<anonymous> (/usr/share/npm/lib/utils/lifecycle.js:232:16)
18 verbose stack     at emitTwo (events.js:126:13)
18 verbose stack     at EventEmitter.emit (events.js:214:7)
18 verbose stack     at ChildProcess.<anonymous> (/usr/share/npm/lib/utils/spawn.js:24:14)
18 verbose stack     at emitTwo (events.js:126:13)
18 verbose stack     at ChildProcess.emit (events.js:214:7)
18 verbose stack     at maybeClose (internal/child_process.js:925:16)
18 verbose stack     at Process.ChildProcess._handle.onexit (internal/child_process.js:209:5)
19 verbose pkgid phaser-ce-angular-cli-boilerplate@1.0.0
20 verbose cwd /home/tuchinski/Documentos/UTFPR/LP/oficial2
21 error Linux 4.15.0-39-generic
22 error argv "/usr/bin/node" "/usr/bin/npm" "run" "e2e"
23 error node v8.10.0
24 error npm  v3.5.2
25 error code ELIFECYCLE
26 error phaser-ce-angular-cli-boilerplate@1.0.0 e2e: `protractor ./protractor.conf.js`
26 error Exit status 1
27 error Failed at the phaser-ce-angular-cli-boilerplate@1.0.0 e2e script 'protractor ./protractor.conf.js'.
27 error Make sure you have the latest version of node.js and npm installed.
27 error If you do, this is most likely a problem with the phaser-ce-angular-cli-boilerplate package,
27 error not with npm itself.
27 error Tell the author that this fails on your system:
27 error     protractor ./protractor.conf.js
27 error You can get information on how to open an issue for this project with:
27 error     npm bugs phaser-ce-angular-cli-boilerplate
27 error Or if that isn't available, you can get their info via:
27 error     npm owner ls phaser-ce-angular-cli-boilerplate
27 error There is likely additional logging output above.
28 verbose exit [ 1, true ]
